<?xml version="1.0" encoding="UTF-8"?>
<!-- Generated by org.testng.reporters.JUnitReportReporter -->
<testsuite hostname="LAPTOP-BPLU8S0P" failures="0" tests="2" name="com.crm.qa.testcases.LoginPageTest" time="18.432" errors="0" timestamp="2021-02-08T23:11:14 CAT" skipped="0">
  <testcase classname="com.crm.qa.testcases.LoginPageTest" name="loginpagetitle" time="9.134"/>
  <system-out/>
  <testcase classname="com.crm.qa.testcases.LoginPageTest" name="loginpagetest" time="9.298"/>
  <system-out/>
</testsuite> <!-- com.crm.qa.testcases.LoginPageTest -->
